TN:
SF:.eslintrc.cjs
FN:1,(empty-report)
FNF:1
FNH:0
FNDA:0,(empty-report)
DA:1,0
DA:2,0
DA:3,0
DA:4,0
DA:5,0
DA:6,0
DA:7,0
DA:8,0
DA:9,0
DA:10,0
DA:11,0
DA:12,0
DA:13,0
DA:14,0
DA:15,0
DA:16,0
DA:17,0
DA:18,0
DA:19,0
DA:20,0
DA:21,0
DA:22,0
LF:22
LH:0
BRDA:1,0,0,0
BRF:1
BRH:0
end_of_record
TN:
SF:eslint.config.js
FN:1,(empty-report)
FNF:1
FNH:0
FNDA:0,(empty-report)
DA:1,0
DA:2,0
DA:3,0
DA:4,0
DA:5,0
DA:6,0
DA:7,0
DA:8,0
DA:9,0
DA:10,0
DA:11,0
DA:12,0
DA:13,0
DA:14,0
DA:15,0
DA:16,0
DA:17,0
DA:18,0
DA:19,0
DA:20,0
DA:21,0
DA:22,0
DA:23,0
DA:24,0
DA:25,0
DA:26,0
DA:27,0
DA:28,0
DA:29,0
LF:29
LH:0
BRDA:1,0,0,0
BRF:1
BRH:0
end_of_record
TN:
SF:vite.config.js
FN:1,(empty-report)
FNF:1
FNH:0
FNDA:0,(empty-report)
DA:1,0
DA:2,0
DA:3,0
DA:4,0
DA:5,0
DA:6,0
DA:7,0
DA:8,0
DA:9,0
DA:10,0
DA:11,0
DA:12,0
DA:13,0
DA:14,0
DA:15,0
DA:16,0
DA:17,0
DA:18,0
DA:19,0
DA:20,0
DA:21,0
DA:22,0
DA:23,0
DA:24,0
DA:25,0
DA:26,0
DA:27,0
DA:28,0
DA:29,0
DA:30,0
DA:31,0
DA:32,0
DA:33,0
DA:34,0
DA:35,0
DA:36,0
LF:36
LH:0
BRDA:1,0,0,0
BRF:1
BRH:0
end_of_record
TN:
SF:src\__tests__\AdminOnly.test.jsx
FNF:0
FNH:0
DA:1,1
DA:2,1
DA:7,1
DA:8,1
DA:23,1
DA:24,1
DA:25,4
DA:26,1
DA:28,1
DA:29,1
DA:31,1
DA:32,1
DA:33,1
DA:34,1
DA:35,1
DA:37,1
DA:38,1
DA:40,1
DA:41,1
DA:43,1
DA:44,1
DA:45,1
DA:46,1
DA:47,1
DA:49,1
DA:50,1
DA:51,1
DA:53,1
DA:54,1
DA:56,1
DA:57,1
DA:58,1
DA:59,1
DA:60,1
DA:62,1
DA:63,1
DA:64,1
DA:66,1
DA:67,1
DA:69,1
DA:70,1
DA:71,1
DA:72,1
DA:73,1
DA:75,1
DA:76,1
DA:77,1
LF:47
LH:47
BRDA:23,0,0,1
BRDA:24,1,0,4
BRDA:28,2,0,1
BRDA:40,3,0,1
BRDA:53,4,0,1
BRDA:66,5,0,1
BRF:6
BRH:6
end_of_record
TN:
SF:src\__tests__\AuthContext.test.jsx
FN:12,Probe
FN:18,onClick
FN:19,onClick
FN:20,onClick
FNF:4
FNH:4
FNDA:7,Probe
FNDA:2,onClick
FNDA:1,onClick
FNDA:1,onClick
DA:1,1
DA:2,1
DA:12,7
DA:13,7
DA:14,7
DA:15,7
DA:16,7
DA:17,7
DA:18,7
DA:19,7
DA:20,7
DA:21,7
DA:23,7
DA:25,1
DA:26,1
DA:27,4
DA:28,1
DA:30,1
DA:31,1
DA:32,1
DA:33,1
DA:34,1
DA:35,1
DA:37,1
DA:38,1
DA:39,1
DA:40,1
DA:41,1
DA:43,1
DA:45,1
DA:47,1
DA:49,1
DA:50,1
DA:51,1
DA:52,1
DA:54,1
DA:55,1
DA:57,1
DA:58,1
DA:59,1
DA:60,1
DA:61,1
DA:63,1
DA:64,1
DA:66,1
DA:67,1
DA:68,1
DA:70,1
DA:71,1
DA:73,1
DA:74,1
DA:75,1
DA:76,1
DA:77,1
DA:79,1
DA:80,1
DA:82,1
DA:83,1
DA:84,1
DA:85,1
DA:86,1
DA:88,1
DA:89,1
DA:90,1
DA:91,1
DA:93,1
DA:94,1
DA:95,1
DA:96,1
DA:97,1
DA:99,1
DA:100,1
DA:102,1
DA:103,1
DA:104,1
DA:105,1
LF:76
LH:76
BRDA:12,0,0,7
BRDA:18,1,0,2
BRDA:19,2,0,1
BRDA:20,3,0,1
BRDA:25,4,0,1
BRDA:26,5,0,4
BRDA:30,6,0,1
BRDA:54,7,0,1
BRDA:70,8,0,1
BRDA:88,9,0,1
BRF:10
BRH:10
end_of_record
TN:
SF:src\__tests__\CardForm.test.jsx
FNF:0
FNH:0
DA:1,1
DA:2,1
DA:7,1
DA:8,1
DA:9,1
DA:10,1
DA:34,1
DA:35,1
DA:36,4
DA:37,4
DA:38,4
DA:39,4
DA:40,1
DA:42,1
DA:43,1
DA:45,1
DA:47,1
DA:48,1
DA:50,1
DA:51,1
DA:52,1
DA:53,1
DA:55,1
DA:57,1
DA:58,1
DA:59,1
DA:61,1
DA:63,1
DA:65,1
DA:66,1
DA:67,1
DA:68,1
DA:70,1
DA:71,1
DA:73,1
DA:74,1
DA:75,1
DA:77,1
DA:78,1
DA:79,1
DA:81,1
DA:83,1
DA:85,1
DA:87,1
DA:88,1
DA:89,1
DA:91,1
DA:92,1
DA:93,1
DA:94,1
DA:96,1
DA:97,1
DA:99,1
DA:100,1
DA:101,1
DA:103,1
DA:104,1
DA:105,1
DA:107,1
DA:109,1
DA:111,1
DA:112,1
DA:114,1
DA:115,1
DA:116,1
DA:117,1
DA:118,1
LF:67
LH:67
BRDA:34,0,0,1
BRDA:35,1,0,4
BRDA:42,2,0,1
BRDA:50,3,0,1
BRDA:73,4,0,1
BRDA:99,5,0,1
BRF:6
BRH:6
end_of_record
TN:
SF:src\__tests__\Cards.test.jsx
FNF:0
FNH:0
DA:1,1
DA:2,1
DA:8,1
DA:9,1
DA:10,1
DA:25,1
DA:26,1
DA:27,4
DA:28,1
DA:30,1
DA:31,1
DA:33,1
DA:34,1
DA:35,1
DA:37,1
DA:38,1
DA:39,1
DA:40,1
DA:41,1
DA:43,1
DA:45,1
DA:47,1
DA:48,1
DA:49,1
DA:51,1
DA:52,1
DA:54,1
DA:55,1
DA:56,1
DA:58,1
DA:59,1
DA:60,1
DA:61,1
DA:62,1
DA:64,1
DA:66,1
DA:67,1
DA:69,1
DA:70,1
DA:72,1
DA:73,1
DA:75,1
DA:76,1
DA:77,1
DA:79,1
DA:80,1
DA:81,1
DA:82,1
DA:83,1
DA:85,1
DA:87,1
DA:89,1
DA:90,1
DA:92,1
DA:93,1
DA:95,1
DA:96,1
DA:97,1
DA:99,1
DA:100,1
DA:101,1
DA:102,1
DA:103,1
DA:105,1
DA:106,1
DA:107,1
LF:66
LH:66
BRDA:25,0,0,1
BRDA:26,1,0,4
BRDA:30,2,0,1
BRDA:51,3,0,1
BRDA:72,4,0,1
BRDA:95,5,0,1
BRF:6
BRH:6
end_of_record
TN:
SF:src\__tests__\Clients.test.jsx
FNF:0
FNH:0
DA:1,1
DA:2,1
DA:8,1
DA:15,1
DA:20,1
DA:25,1
DA:26,1
DA:27,3
DA:28,3
DA:29,3
DA:30,3
DA:31,1
DA:33,1
DA:34,1
DA:35,1
DA:36,1
DA:38,1
DA:40,1
DA:41,1
DA:42,1
DA:44,1
DA:45,1
DA:46,1
DA:47,1
DA:49,1
DA:50,1
DA:51,1
DA:52,1
DA:53,1
DA:54,1
DA:55,1
DA:56,1
DA:58,1
DA:60,1
DA:61,1
DA:63,1
DA:64,1
DA:65,1
DA:66,1
DA:67,1
DA:68,1
DA:69,1
DA:71,1
DA:72,1
DA:73,1
DA:74,1
DA:76,1
DA:77,1
DA:78,1
DA:79,1
DA:80,1
DA:81,1
DA:82,1
DA:83,1
DA:84,1
DA:85,1
DA:87,1
DA:89,1
DA:91,1
DA:92,1
DA:94,1
DA:95,1
DA:96,1
DA:97,1
DA:98,1
DA:100,1
DA:101,1
DA:102,1
LF:68
LH:68
BRDA:25,0,0,1
BRDA:26,1,0,3
BRDA:33,2,0,1
BRDA:44,3,0,1
BRDA:71,4,0,1
BRF:5
BRH:5
end_of_record
TN:
SF:src\__tests__\FavoritesPanel.test.jsx
FNF:0
FNH:0
DA:1,1
DA:2,1
DA:14,1
DA:15,1
DA:16,4
DA:17,4
DA:18,1
DA:20,1
DA:21,1
DA:23,1
DA:24,1
DA:25,1
DA:26,1
DA:27,1
DA:29,1
DA:30,1
DA:32,1
DA:33,1
DA:35,1
DA:36,1
DA:37,1
DA:39,1
DA:40,1
DA:41,1
DA:42,1
DA:43,1
DA:45,1
DA:46,1
DA:47,1
DA:48,1
DA:50,1
DA:51,1
DA:53,1
DA:55,1
DA:56,1
DA:57,1
DA:58,1
DA:59,1
DA:61,1
DA:62,1
DA:64,1
DA:65,1
DA:67,1
DA:68,1
DA:69,1
DA:70,1
DA:71,1
DA:72,1
DA:74,1
DA:75,1
DA:77,1
DA:78,1
DA:79,1
DA:80,1
DA:81,1
DA:83,1
DA:85,1
DA:87,1
DA:88,1
DA:89,1
DA:91,1
DA:92,1
DA:93,1
DA:95,1
DA:96,1
DA:97,1
LF:66
LH:66
BRDA:14,0,0,1
BRDA:15,1,0,4
BRDA:20,2,0,1
BRDA:32,3,0,1
BRDA:50,4,0,1
BRDA:64,5,0,1
BRDA:87,6,0,1
BRDA:91,7,0,1
BRF:8
BRH:8
end_of_record
TN:
SF:src\__tests__\Layout.test.jsx
FNF:0
FNH:0
DA:1,1
DA:2,1
DA:9,1
DA:21,1
DA:26,1
DA:44,1
DA:45,1
DA:46,5
DA:47,5
DA:49,5
DA:50,5
DA:51,5
DA:52,1
DA:54,1
DA:55,1
DA:56,1
DA:57,1
DA:58,1
DA:60,1
DA:61,1
DA:62,1
DA:63,1
DA:64,1
DA:66,1
DA:67,1
DA:69,1
DA:71,1
DA:73,1
DA:74,1
DA:76,1
DA:77,1
DA:78,1
DA:79,1
DA:80,1
DA:82,1
DA:83,1
DA:84,1
DA:85,1
DA:86,1
DA:88,1
DA:89,1
DA:91,1
DA:92,1
DA:94,1
DA:95,1
DA:96,1
DA:97,1
DA:99,1
DA:100,1
DA:101,1
DA:102,1
DA:103,1
DA:105,1
DA:106,1
DA:108,1
DA:109,1
DA:110,1
DA:112,1
DA:113,1
DA:115,1
DA:116,1
DA:117,1
DA:118,1
DA:120,1
DA:121,1
DA:122,1
DA:123,1
DA:124,1
DA:126,1
DA:127,1
DA:129,1
DA:130,1
DA:131,1
DA:133,1
DA:134,1
DA:136,1
DA:137,1
DA:138,1
DA:139,1
DA:141,1
DA:142,1
DA:143,1
DA:144,1
DA:145,1
DA:147,1
DA:148,1
DA:150,1
DA:151,1
DA:152,1
DA:153,1
LF:90
LH:90
BRDA:44,0,0,1
BRDA:45,1,0,5
BRDA:54,2,0,1
BRDA:76,3,0,1
BRDA:91,4,0,1
BRDA:112,5,0,1
BRDA:133,6,0,1
BRF:7
BRH:7
end_of_record
TN:
SF:src\__tests__\Login.test.jsx
FNF:0
FNH:0
DA:1,1
DA:2,1
DA:6,1
DA:21,1
DA:22,1
DA:23,3
DA:24,3
DA:25,1
DA:27,1
DA:28,1
DA:29,1
DA:31,1
DA:32,1
DA:33,1
DA:34,1
DA:35,1
DA:37,1
DA:38,1
DA:40,1
DA:41,1
DA:43,1
DA:45,1
DA:46,1
DA:47,1
DA:48,1
DA:49,1
DA:51,1
DA:52,1
DA:54,1
DA:55,1
DA:56,1
DA:58,1
DA:59,1
DA:60,1
DA:61,1
DA:62,1
DA:64,1
DA:65,1
DA:67,1
DA:68,1
DA:69,1
DA:71,1
DA:72,1
DA:74,1
DA:75,1
DA:76,1
DA:77,1
DA:78,1
DA:79,1
DA:81,1
DA:83,1
DA:84,1
DA:85,1
DA:86,1
DA:87,1
LF:55
LH:55
BRDA:21,0,0,1
BRDA:22,1,0,3
BRDA:27,2,0,1
BRDA:45,3,0,1
BRDA:54,4,0,1
BRDA:74,5,0,1
BRDA:83,6,0,1
BRF:7
BRH:7
end_of_record
TN:
SF:src\__tests__\MobileMenu.test.jsx
FNF:0
FNH:0
DA:1,1
DA:2,1
DA:8,1
DA:14,1
DA:15,1
DA:16,2
DA:17,1
DA:19,1
DA:20,1
DA:22,1
DA:23,1
DA:24,1
DA:25,1
DA:26,1
DA:28,1
DA:29,1
DA:31,1
DA:32,1
DA:33,1
DA:35,1
DA:36,1
DA:37,1
DA:39,1
DA:40,1
DA:41,1
DA:43,1
DA:44,1
DA:46,1
DA:47,1
DA:48,1
DA:49,1
DA:50,1
DA:52,1
DA:53,1
DA:55,1
DA:56,1
DA:57,1
DA:59,1
DA:60,1
DA:61,1
DA:62,1
LF:41
LH:41
BRDA:14,0,0,1
BRDA:15,1,0,2
BRDA:19,2,0,1
BRDA:43,3,0,1
BRF:4
BRH:4
end_of_record
TN:
SF:src\__tests__\Navbar.test.jsx
FNF:0
FNH:0
DA:1,1
DA:2,1
DA:8,1
DA:13,1
DA:14,1
DA:15,2
DA:16,1
DA:18,1
DA:19,1
DA:20,1
DA:21,1
DA:23,1
DA:24,1
DA:25,1
DA:26,1
DA:27,1
DA:29,1
DA:30,1
DA:31,1
DA:32,1
DA:33,1
DA:34,1
DA:35,1
DA:37,1
DA:38,1
DA:39,1
DA:40,1
DA:42,1
DA:43,1
DA:44,1
DA:45,1
DA:46,1
DA:48,1
DA:49,1
DA:50,1
DA:51,1
DA:52,1
DA:53,1
DA:54,1
DA:55,1
LF:40
LH:40
BRDA:13,0,0,1
BRDA:14,1,0,2
BRDA:18,2,0,1
BRDA:37,3,0,1
BRF:4
BRH:4
end_of_record
TN:
SF:src\__tests__\OutletForm.test.jsx
FNF:0
FNH:0
DA:1,1
DA:2,1
DA:7,1
DA:8,1
DA:9,1
DA:10,1
DA:34,1
DA:35,1
DA:36,4
DA:37,4
DA:38,4
DA:39,4
DA:40,1
DA:42,1
DA:43,1
DA:45,1
DA:47,1
DA:48,1
DA:50,1
DA:51,1
DA:52,1
DA:53,1
DA:55,1
DA:57,1
DA:58,1
DA:60,1
DA:61,1
DA:63,1
DA:64,1
DA:65,1
DA:66,1
DA:68,1
DA:69,1
DA:71,1
DA:72,1
DA:73,1
DA:75,1
DA:76,1
DA:77,1
DA:79,1
DA:81,1
DA:82,1
DA:84,1
DA:85,1
DA:86,1
DA:88,1
DA:89,1
DA:90,1
DA:91,1
DA:93,1
DA:94,1
DA:96,1
DA:97,1
DA:98,1
DA:100,1
DA:101,1
DA:102,1
DA:104,1
DA:106,1
DA:108,1
DA:109,1
DA:111,1
DA:112,1
DA:113,1
DA:114,1
DA:115,1
LF:66
LH:66
BRDA:34,0,0,1
BRDA:35,1,0,4
BRDA:42,2,0,1
BRDA:50,3,0,1
BRDA:71,4,0,1
BRDA:96,5,0,1
BRF:6
BRH:6
end_of_record
TN:
SF:src\__tests__\Outlets.test.jsx
FNF:0
FNH:0
DA:1,1
DA:2,1
DA:8,1
DA:9,1
DA:10,1
DA:25,1
DA:26,1
DA:27,4
DA:28,1
DA:30,1
DA:31,1
DA:32,1
DA:33,1
DA:34,1
DA:36,1
DA:37,1
DA:38,1
DA:39,1
DA:40,1
DA:42,1
DA:43,1
DA:44,1
DA:45,1
DA:46,1
DA:48,1
DA:49,1
DA:50,1
DA:51,1
DA:52,1
DA:54,1
DA:55,1
DA:56,1
DA:57,1
DA:58,1
DA:60,1
DA:62,1
DA:63,1
DA:64,1
DA:66,1
DA:67,1
DA:68,1
DA:69,1
DA:70,1
DA:72,1
DA:73,1
DA:74,1
DA:75,1
DA:76,1
DA:78,1
DA:79,1
DA:81,1
DA:82,1
DA:83,1
DA:85,1
DA:86,1
DA:87,1
DA:89,1
DA:90,1
DA:91,1
DA:92,1
DA:93,1
DA:95,1
DA:96,1
DA:97,1
LF:64
LH:64
BRDA:25,0,0,1
BRDA:26,1,0,4
BRDA:30,2,0,1
BRDA:48,3,0,1
BRDA:66,4,0,1
BRDA:85,5,0,1
BRF:6
BRH:6
end_of_record
TN:
SF:src\__tests__\Profile.test.jsx
FNF:0
FNH:0
DA:1,1
DA:2,1
DA:8,1
DA:15,1
DA:20,1
DA:25,1
DA:26,1
DA:27,3
DA:28,3
DA:29,1
DA:31,1
DA:32,1
DA:33,1
DA:34,1
DA:35,1
DA:36,1
DA:37,1
DA:38,1
DA:39,1
DA:41,1
DA:43,1
DA:45,1
DA:46,1
DA:48,1
DA:49,1
DA:50,1
DA:51,1
DA:53,1
DA:54,1
DA:55,1
DA:56,1
DA:57,1
DA:59,1
DA:60,1
DA:61,1
DA:62,1
DA:63,1
DA:64,1
DA:65,1
DA:66,1
DA:67,1
DA:68,1
DA:69,1
DA:71,1
DA:72,1
DA:74,1
DA:75,1
DA:77,1
DA:78,1
DA:79,1
DA:81,1
DA:82,1
DA:84,1
DA:86,1
DA:88,1
DA:89,1
DA:90,1
DA:91,1
DA:92,1
DA:93,1
DA:94,1
DA:95,1
DA:96,1
DA:98,1
DA:99,1
DA:100,1
DA:102,1
DA:103,1
DA:104,1
DA:105,1
DA:106,1
DA:107,1
DA:108,1
DA:109,1
DA:110,1
DA:111,1
DA:112,1
DA:114,1
DA:116,1
DA:117,1
DA:119,1
DA:121,1
DA:122,1
DA:124,1
DA:126,1
DA:128,1
DA:130,1
DA:132,1
DA:133,1
DA:134,1
DA:135,1
LF:91
LH:91
BRDA:25,0,0,1
BRDA:26,1,0,3
BRDA:31,2,0,1
BRDA:59,3,0,1
BRDA:102,4,0,1
BRF:5
BRH:5
end_of_record
TN:
SF:src\__tests__\ProtectedRoute.test.jsx
FNF:0
FNH:0
DA:1,1
DA:2,1
DA:20,1
DA:21,1
DA:22,1
DA:24,1
DA:25,1
DA:26,1
DA:27,1
DA:28,1
DA:30,1
DA:31,1
DA:33,1
DA:34,1
DA:35,1
DA:36,1
DA:38,1
DA:39,1
DA:40,1
DA:41,1
DA:42,1
DA:44,1
DA:45,1
DA:47,1
DA:48,1
DA:49,1
DA:50,1
DA:52,1
DA:53,1
DA:54,1
DA:55,1
DA:56,1
DA:58,1
DA:59,1
DA:60,1
DA:62,1
DA:63,1
DA:64,1
DA:65,1
DA:67,1
DA:68,1
DA:69,1
DA:70,1
DA:71,1
DA:73,1
DA:74,1
DA:75,1
DA:76,1
LF:48
LH:48
BRDA:20,0,0,1
BRDA:21,1,0,1
BRDA:33,2,0,1
BRDA:47,3,0,1
BRDA:62,4,0,1
BRF:5
BRH:5
end_of_record
TN:
SF:src\__tests__\Register.test.jsx
FNF:0
FNH:0
DA:1,1
DA:2,1
DA:8,1
DA:23,1
DA:28,1
DA:33,1
DA:34,1
DA:35,2
DA:36,2
DA:37,1
DA:39,1
DA:40,1
DA:41,1
DA:43,1
DA:44,1
DA:46,1
DA:47,1
DA:48,1
DA:49,1
DA:50,1
DA:51,1
DA:53,1
DA:55,1
DA:56,1
DA:57,1
DA:59,1
DA:60,1
DA:61,1
DA:62,1
DA:63,1
DA:64,1
DA:65,1
DA:66,1
DA:67,1
DA:68,1
DA:69,1
DA:71,1
DA:72,1
DA:73,1
DA:74,1
DA:75,1
DA:77,1
DA:78,1
DA:80,1
DA:81,1
DA:83,1
DA:84,1
DA:85,1
DA:86,1
DA:87,1
DA:89,1
DA:91,1
DA:92,1
DA:93,1
DA:95,1
DA:96,1
DA:97,1
DA:98,1
DA:99,1
LF:59
LH:59
BRDA:33,0,0,1
BRDA:34,1,0,2
BRDA:39,2,0,1
BRDA:55,3,0,1
BRDA:71,4,0,1
BRDA:77,5,0,1
BRF:6
BRH:6
end_of_record
TN:
SF:src\__tests__\SpiceForm.test.jsx
FNF:0
FNH:0
DA:1,1
DA:2,1
DA:9,1
DA:16,1
DA:21,1
DA:22,1
DA:23,4
DA:24,4
DA:25,4
DA:26,4
DA:27,1
DA:29,1
DA:30,1
DA:32,1
DA:34,1
DA:35,1
DA:36,1
DA:37,1
DA:38,1
DA:39,1
DA:40,1
DA:42,1
DA:44,1
DA:45,1
DA:46,1
DA:47,1
DA:48,1
DA:50,1
DA:52,1
DA:53,1
DA:54,1
DA:55,1
DA:56,1
DA:57,1
DA:58,1
DA:59,1
DA:60,1
DA:61,1
DA:62,1
DA:64,1
DA:65,1
DA:67,1
DA:68,1
DA:69,1
DA:70,1
DA:71,1
DA:72,1
DA:73,1
DA:74,1
DA:75,1
DA:76,1
DA:78,1
DA:80,1
DA:81,1
DA:82,1
DA:83,1
DA:84,1
DA:85,1
DA:86,1
DA:88,1
DA:90,1
DA:92,1
DA:93,1
DA:94,1
DA:95,1
DA:96,1
DA:98,1
DA:99,1
DA:101,1
DA:103,1
DA:104,1
DA:105,1
DA:106,1
DA:107,1
DA:108,1
DA:109,1
DA:110,1
DA:111,1
DA:112,1
DA:113,1
DA:115,1
DA:116,1
DA:118,1
DA:119,1
DA:120,1
DA:121,1
DA:122,1
DA:123,1
DA:124,1
DA:125,1
DA:126,1
DA:127,1
DA:129,1
DA:131,1
DA:133,1
DA:134,1
DA:135,1
DA:136,1
DA:137,1
DA:138,1
DA:139,1
DA:141,1
DA:143,1
DA:144,1
DA:146,1
DA:148,1
DA:149,1
DA:150,1
DA:151,1
DA:152,1
DA:154,1
DA:155,1
DA:157,1
DA:158,1
DA:159,1
DA:160,1
DA:161,1
DA:162,1
DA:163,1
DA:164,1
DA:166,1
DA:168,1
DA:170,1
DA:171,1
DA:172,1
DA:173,1
DA:174,1
DA:175,1
DA:176,1
DA:178,1
DA:180,1
DA:182,1
DA:183,1
DA:184,1
DA:185,1
DA:186,1
DA:187,1
LF:137
LH:137
BRDA:21,0,0,1
BRDA:22,1,0,4
BRDA:29,2,0,1
BRDA:67,3,0,1
BRDA:118,4,0,1
BRDA:157,5,0,1
BRF:6
BRH:6
end_of_record
TN:
SF:src\__tests__\Spices.test.jsx
FNF:0
FNH:0
DA:1,1
DA:2,1
DA:8,1
DA:23,1
DA:28,1
DA:33,1
DA:34,1
DA:35,4
DA:36,4
DA:37,1
DA:39,1
DA:40,1
DA:41,1
DA:42,1
DA:44,1
DA:45,1
DA:46,1
DA:47,1
DA:48,1
DA:49,1
DA:51,1
DA:53,1
DA:54,1
DA:56,1
DA:58,1
DA:59,1
DA:61,1
DA:62,1
DA:63,1
DA:64,1
DA:66,1
DA:67,1
DA:68,1
DA:69,1
DA:71,1
DA:73,1
DA:75,1
DA:77,1
DA:78,1
DA:79,1
DA:81,1
DA:82,1
DA:83,1
DA:84,1
DA:86,1
DA:87,1
DA:88,1
DA:89,1
DA:90,1
DA:91,1
DA:93,1
DA:95,1
DA:97,1
DA:99,1
DA:100,1
DA:101,1
DA:102,1
DA:103,1
DA:105,1
DA:106,1
DA:107,1
DA:108,1
DA:110,1
DA:111,1
DA:112,1
DA:113,1
DA:115,1
DA:117,1
DA:119,1
DA:121,1
DA:123,1
DA:124,1
DA:125,1
LF:73
LH:73
BRDA:33,0,0,1
BRDA:34,1,0,4
BRDA:39,2,0,1
BRDA:61,3,0,1
BRDA:81,4,0,1
BRDA:105,5,0,1
BRF:6
BRH:6
end_of_record
TN:
SF:src\__tests__\apiFetch.test.jsx
FN:13,text
FN:34,text
FN:45,text
FN:59,text
FN:72,text
FNF:5
FNH:5
FNDA:1,text
FNDA:1,text
FNDA:1,text
FNDA:1,text
FNDA:1,text
DA:1,1
DA:2,1
DA:4,1
DA:5,1
DA:6,5
DA:7,1
DA:9,1
DA:10,1
DA:11,1
DA:12,1
DA:13,1
DA:14,1
DA:16,1
DA:18,1
DA:19,1
DA:21,1
DA:22,1
DA:23,1
DA:24,1
DA:25,1
DA:26,1
DA:27,1
DA:28,1
DA:30,1
DA:31,1
DA:32,1
DA:33,1
DA:34,1
DA:35,1
DA:37,1
DA:38,1
DA:39,1
DA:41,1
DA:42,1
DA:43,1
DA:44,1
DA:45,1
DA:46,1
DA:48,1
DA:49,1
DA:50,1
DA:51,1
DA:52,1
DA:53,1
DA:55,1
DA:56,1
DA:57,1
DA:58,1
DA:59,1
DA:60,1
DA:62,1
DA:63,1
DA:64,1
DA:65,1
DA:66,1
DA:68,1
DA:69,1
DA:70,1
DA:71,1
DA:72,1
DA:73,1
DA:75,1
DA:76,1
DA:77,1
DA:78,1
LF:65
LH:65
BRDA:4,0,0,1
BRDA:5,1,0,5
BRDA:9,2,0,1
BRDA:10,3,0,1
BRDA:13,4,0,1
BRDA:30,5,0,1
BRDA:31,6,0,1
BRDA:34,7,0,1
BRDA:41,8,0,1
BRDA:42,9,0,1
BRDA:45,10,0,1
BRDA:55,11,0,1
BRDA:56,12,0,1
BRDA:59,13,0,1
BRDA:68,14,0,1
BRDA:69,15,0,1
BRDA:72,16,0,1
BRF:17
BRH:17
end_of_record
TN:
SF:src\__tests__\useSession.test.jsx
FN:16,Probe
FN:18,onClick
FNF:2
FNH:2
FNDA:2,Probe
FNDA:2,onClick
DA:1,1
DA:2,1
DA:16,2
DA:17,2
DA:18,2
DA:19,2
DA:21,1
DA:22,1
DA:24,1
DA:25,1
DA:26,1
DA:28,1
DA:29,1
DA:30,1
DA:31,1
DA:32,1
DA:34,1
DA:35,1
DA:36,1
DA:38,1
DA:39,1
DA:40,1
DA:41,1
DA:42,1
DA:43,1
DA:44,1
DA:45,1
DA:47,1
DA:48,1
DA:49,1
DA:51,1
DA:53,1
DA:54,1
DA:55,1
DA:57,1
DA:58,1
DA:59,1
DA:60,1
DA:61,1
DA:62,1
DA:63,1
DA:64,1
LF:42
LH:42
BRDA:16,0,0,2
BRDA:18,1,0,2
BRDA:21,2,0,1
BRDA:22,3,0,2
BRDA:24,4,0,1
BRDA:47,5,0,1
BRF:6
BRH:6
end_of_record
TN:
SF:src\api\client.jsx
FN:1,apiFetch
FNF:1
FNH:1
FNDA:5,apiFetch
DA:1,5
DA:2,5
DA:4,5
DA:5,5
DA:6,5
DA:7,5
DA:8,5
DA:9,5
DA:11,5
DA:12,1
DA:13,1
DA:14,1
DA:16,5
DA:17,5
DA:19,5
DA:20,5
DA:21,4
DA:22,4
DA:23,4
DA:24,1
DA:25,1
DA:26,4
DA:28,5
DA:29,2
DA:30,2
DA:31,2
DA:32,2
DA:33,2
DA:34,2
DA:36,3
DA:37,3
LF:31
LH:31
BRDA:1,0,0,5
BRDA:11,1,0,1
BRDA:20,2,0,4
BRDA:23,3,0,1
BRDA:28,4,0,2
BRDA:29,5,0,1
BRDA:29,6,0,1
BRDA:34,7,0,3
BRF:8
BRH:8
end_of_record
TN:
SF:src\components\AdminOnly.jsx
FN:5,AdminOnly
FNF:1
FNH:1
FNDA:4,AdminOnly
DA:1,1
DA:5,4
DA:6,4
DA:8,4
DA:10,4
DA:12,1
DA:13,1
LF:7
LH:7
BRDA:5,0,0,4
BRDA:8,1,0,1
BRDA:8,2,0,3
BRDA:10,3,0,2
BRDA:10,4,0,1
BRF:5
BRH:5
end_of_record
TN:
SF:src\components\FavoritesPanel.jsx
FN:6,FavoritesPanel
FN:39,onDelete
FN:87,onClick
FNF:3
FNH:3
FNDA:12,FavoritesPanel
FNDA:1,onDelete
FNDA:1,onClick
DA:1,1
DA:6,12
DA:7,12
DA:8,12
DA:9,12
DA:10,12
DA:12,12
DA:13,5
DA:15,5
DA:16,1
DA:17,1
DA:18,1
DA:19,1
DA:21,4
DA:22,4
DA:23,4
DA:24,4
DA:25,5
DA:26,5
DA:27,5
DA:28,1
DA:29,1
DA:30,5
DA:31,4
DA:32,4
DA:33,12
DA:35,12
DA:36,4
DA:37,12
DA:39,12
DA:40,1
DA:41,1
DA:42,1
DA:43,1
DA:44,1
DA:45,0
DA:46,0
DA:47,1
DA:49,12
DA:51,12
DA:52,12
DA:53,12
DA:54,12
DA:55,12
DA:56,12
DA:58,12
DA:59,12
DA:60,2
DA:61,2
DA:62,2
DA:64,2
DA:65,2
DA:66,2
DA:67,2
DA:68,2
DA:69,2
DA:70,10
DA:72,12
DA:73,12
DA:75,12
DA:76,4
DA:77,8
DA:79,12
DA:80,2
DA:81,2
DA:82,2
DA:83,2
DA:84,2
DA:85,2
DA:86,2
DA:87,2
DA:88,1
DA:89,1
DA:90,1
DA:91,2
DA:93,2
DA:94,2
DA:95,12
DA:96,12
DA:98,12
DA:99,12
DA:100,12
DA:101,12
DA:102,12
DA:104,12
LF:85
LH:83
BRDA:6,0,0,12
BRDA:49,1,0,10
BRDA:59,2,0,2
BRDA:69,3,0,10
BRDA:72,4,0,10
BRDA:72,5,0,3
BRDA:72,6,0,9
BRDA:73,7,0,10
BRDA:73,8,0,1
BRDA:73,9,0,11
BRDA:75,10,0,10
BRDA:75,11,0,7
BRDA:75,12,0,6
BRDA:75,13,0,4
BRDA:76,14,0,8
BRDA:79,15,0,10
BRDA:79,16,0,7
BRDA:79,17,0,6
BRDA:95,18,0,6
BRDA:12,19,0,5
BRDA:13,20,0,0
BRDA:15,21,0,4
BRDA:15,22,0,1
BRDA:19,23,0,4
BRDA:24,24,0,3
BRDA:25,25,0,0
BRDA:27,26,0,1
BRDA:30,27,0,4
BRDA:35,28,0,4
BRDA:39,29,0,1
BRDA:44,30,0,0
BRDA:79,31,0,2
BRDA:87,32,0,1
BRF:33
BRH:30
end_of_record
TN:
SF:src\components\Layout.jsx
FN:9,avatarFor
FN:19,Layout
FN:37,openFav
FN:42,onFavChanged
FN:68,onChange
FNF:5
FNH:3
FNDA:5,avatarFor
FNDA:7,Layout
FNDA:1,openFav
FNDA:0,onFavChanged
FNDA:0,onChange
DA:1,1
DA:9,5
DA:10,5
DA:11,2
DA:12,2
DA:13,5
DA:14,2
DA:15,2
DA:16,1
DA:17,1
DA:19,7
DA:20,7
DA:21,7
DA:22,7
DA:23,7
DA:25,7
DA:27,7
DA:28,5
DA:29,7
DA:31,7
DA:32,5
DA:33,7
DA:35,7
DA:37,7
DA:38,1
DA:39,1
DA:40,1
DA:42,7
DA:44,7
DA:45,3
DA:46,1
DA:47,1
DA:48,1
DA:49,1
DA:50,1
DA:51,1
DA:52,1
DA:54,2
DA:55,7
DA:57,7
DA:58,7
DA:59,7
DA:61,7
DA:62,7
DA:63,7
DA:64,7
DA:65,7
DA:66,7
DA:67,7
DA:68,7
DA:69,7
DA:70,7
DA:72,7
DA:73,7
DA:74,7
DA:75,7
DA:76,7
DA:77,7
DA:79,7
DA:81,7
DA:82,7
DA:83,5
DA:85,5
DA:86,2
DA:88,7
DA:89,7
DA:90,7
DA:91,7
DA:92,7
DA:94,7
DA:95,7
DA:96,7
DA:98,7
DA:100,7
DA:101,7
DA:102,7
DA:104,7
DA:106,7
DA:108,7
DA:109,7
DA:110,7
DA:111,7
DA:112,7
DA:114,7
LF:84
LH:84
BRDA:9,0,0,5
BRDA:10,1,0,2
BRDA:12,2,0,3
BRDA:13,3,0,2
BRDA:15,4,0,1
BRDA:19,5,0,7
BRDA:82,6,0,5
BRDA:85,7,0,2
BRDA:91,8,0,2
BRDA:91,9,0,5
BRDA:104,10,0,2
BRDA:104,11,0,5
BRDA:27,12,0,5
BRDA:31,13,0,5
BRDA:35,14,0,5
BRDA:37,15,0,1
BRDA:38,16,0,0
BRDA:44,17,0,3
BRDA:45,18,0,1
BRDA:52,19,0,2
BRF:20
BRH:19
end_of_record
TN:
SF:src\components\MobileMenu.jsx
FN:5,MobileMenu
FNF:1
FNH:1
FNDA:2,MobileMenu
DA:1,1
DA:5,2
DA:6,2
DA:8,2
DA:9,2
DA:10,2
DA:11,2
DA:12,2
DA:13,2
DA:14,2
DA:15,2
DA:16,2
DA:17,2
DA:18,2
DA:20,2
DA:21,2
DA:23,2
DA:24,2
DA:25,2
DA:26,2
DA:28,2
DA:29,1
DA:30,1
DA:31,1
DA:32,1
DA:33,1
DA:34,1
DA:35,2
DA:36,2
DA:37,2
DA:39,2
LF:31
LH:31
BRDA:5,0,0,2
BRDA:15,1,0,1
BRDA:15,2,0,1
BRDA:28,3,0,1
BRDA:33,4,0,1
BRF:5
BRH:5
end_of_record
TN:
SF:src\components\Navbar.jsx
FN:5,Navbar
FNF:1
FNH:1
FNDA:2,Navbar
DA:1,1
DA:5,2
DA:6,2
DA:8,2
DA:9,2
DA:10,2
DA:11,2
DA:12,2
DA:14,2
DA:15,1
DA:16,1
DA:17,1
DA:18,1
DA:19,1
DA:20,1
DA:21,2
DA:23,2
LF:17
LH:17
BRDA:5,0,0,2
BRDA:14,1,0,1
BRDA:19,2,0,1
BRF:3
BRH:3
end_of_record
TN:
SF:src\components\ProtectedRoute.jsx
FN:5,ProtectedRoute
FNF:1
FNH:1
FNDA:4,ProtectedRoute
DA:1,1
DA:5,4
DA:6,4
DA:8,4
DA:10,4
DA:11,4
DA:13,1
DA:14,1
LF:8
LH:8
BRDA:5,0,0,4
BRDA:8,1,0,1
BRDA:8,2,0,3
BRDA:10,3,0,1
BRDA:10,4,0,1
BRDA:10,5,0,2
BRDA:11,6,0,1
BRDA:11,7,0,1
BRF:8
BRH:8
end_of_record
TN:
SF:src\context\AuthContext.jsx
FN:13,AuthProvider
FN:59,useAuth
FNF:2
FNH:2
FNDA:7,AuthProvider
FNDA:7,useAuth
DA:1,1
DA:4,1
DA:6,1
DA:7,1
DA:8,1
DA:9,1
DA:10,1
DA:11,1
DA:13,1
DA:14,7
DA:16,7
DA:17,3
DA:18,3
DA:19,2
DA:20,3
DA:21,3
DA:22,3
DA:23,3
DA:24,3
DA:25,3
DA:26,3
DA:27,1
DA:28,1
DA:29,1
DA:30,7
DA:32,7
DA:34,1
DA:35,7
DA:37,7
DA:38,1
DA:39,1
DA:40,1
DA:41,1
DA:42,1
DA:43,7
DA:45,7
DA:46,7
DA:47,7
DA:48,7
DA:49,7
DA:50,7
DA:51,7
DA:52,7
DA:53,7
DA:54,7
DA:56,7
DA:57,7
DA:59,1
DA:60,7
DA:61,7
DA:62,7
DA:63,7
LF:52
LH:52
BRDA:13,0,0,7
BRDA:16,1,0,3
BRDA:18,2,0,2
BRDA:21,3,0,2
BRDA:22,4,0,2
BRDA:26,5,0,1
BRDA:32,6,0,1
BRDA:37,7,0,1
BRDA:46,8,0,7
BRDA:59,9,0,7
BRDA:61,10,0,0
BRF:11
BRH:10
end_of_record
TN:
SF:src\hooks\useSession.js
FN:5,useSession
FNF:1
FNH:1
FNDA:2,useSession
DA:1,1
DA:2,1
DA:3,1
DA:4,1
DA:5,1
DA:6,2
DA:7,2
DA:8,2
DA:9,2
DA:10,2
DA:11,1
DA:12,1
DA:13,1
DA:14,1
DA:15,1
DA:16,1
DA:17,1
DA:18,1
DA:19,1
DA:20,1
DA:21,1
DA:22,1
DA:23,1
DA:24,1
DA:25,2
DA:26,2
DA:27,2
DA:28,2
LF:28
LH:28
BRDA:5,0,0,2
BRDA:8,1,0,2
BRDA:11,2,0,1
BRF:3
BRH:3
end_of_record
TN:
SF:src\pages\CardForm.jsx
FN:6,formToObject
FN:11,CardForm
FN:58,onSubmit
FN:76,onDelete
FNF:4
FNH:4
FNDA:2,formToObject
FNDA:7,CardForm
FNDA:2,onSubmit
FNDA:1,onDelete
DA:1,1
DA:6,2
DA:7,2
DA:8,2
DA:9,2
DA:11,7
DA:12,7
DA:13,7
DA:14,7
DA:16,7
DA:17,7
DA:19,7
DA:20,7
DA:22,7
DA:23,4
DA:25,4
DA:27,2
DA:28,2
DA:29,2
DA:30,2
DA:31,2
DA:32,0
DA:33,0
DA:34,2
DA:36,2
DA:37,2
DA:38,2
DA:39,7
DA:41,7
DA:42,4
DA:43,7
DA:45,7
DA:46,1
DA:47,1
DA:49,7
DA:50,4
DA:51,0
DA:52,0
DA:53,0
DA:54,0
DA:56,7
DA:58,7
DA:59,2
DA:60,2
DA:62,2
DA:64,2
DA:65,2
DA:66,1
DA:67,1
DA:68,1
DA:69,1
DA:70,2
DA:71,2
DA:72,0
DA:73,0
DA:74,2
DA:76,7
DA:77,1
DA:78,1
DA:80,1
DA:81,1
DA:82,1
DA:83,1
DA:84,0
DA:85,0
DA:86,1
DA:88,7
DA:90,5
DA:91,5
DA:92,5
DA:93,5
DA:94,5
DA:96,5
DA:97,5
DA:99,5
DA:100,5
DA:101,5
DA:103,5
DA:104,5
DA:105,7
DA:106,7
DA:108,7
DA:109,7
DA:110,7
DA:111,7
DA:113,7
DA:114,7
DA:115,7
DA:116,7
DA:117,7
DA:119,7
DA:120,7
DA:121,7
DA:122,7
DA:124,7
DA:125,3
DA:126,3
DA:127,3
DA:130,7
DA:131,7
DA:132,7
DA:133,7
DA:134,7
DA:136,7
LF:104
LH:94
BRDA:6,0,0,2
BRDA:11,1,0,7
BRDA:45,2,0,1
BRDA:88,3,0,5
BRDA:88,4,0,2
BRDA:88,5,0,2
BRDA:88,6,0,5
BRDA:105,7,0,3
BRDA:105,8,0,2
BRDA:110,9,0,3
BRDA:110,10,0,2
BRDA:115,11,0,3
BRDA:115,12,0,2
BRDA:124,13,0,3
BRDA:22,14,0,4
BRDA:25,15,0,2
BRDA:27,16,0,2
BRDA:31,17,0,0
BRDA:36,18,0,2
BRDA:41,19,0,4
BRDA:42,20,0,2
BRDA:42,21,0,2
BRDA:49,22,0,4
BRDA:50,23,0,0
BRDA:58,24,0,2
BRDA:65,25,0,1
BRDA:71,26,0,0
BRDA:76,27,0,1
BRDA:78,28,0,0
BRDA:83,29,0,0
BRF:30
BRH:25
end_of_record
TN:
SF:src\pages\Cards.jsx
FN:6,pickCardImage
FN:13,Cards
FN:47,openEdit
FN:76,onClick
FN:77,onKeyDown
FNF:5
FNH:4
FNDA:3,pickCardImage
FNDA:8,Cards
FNDA:2,openEdit
FNDA:2,onClick
FNDA:0,onKeyDown
DA:1,1
DA:6,3
DA:7,3
DA:8,3
DA:9,3
DA:10,1
DA:11,1
DA:13,8
DA:14,8
DA:15,8
DA:17,8
DA:18,8
DA:20,8
DA:21,4
DA:23,4
DA:24,4
DA:25,4
DA:26,4
DA:27,4
DA:28,4
DA:29,1
DA:30,1
DA:31,4
DA:33,4
DA:34,4
DA:35,4
DA:36,8
DA:38,8
DA:39,5
DA:40,1
DA:41,1
DA:42,1
DA:43,1
DA:45,8
DA:47,8
DA:48,2
DA:49,1
DA:50,2
DA:52,8
DA:53,8
DA:54,8
DA:55,8
DA:57,8
DA:58,6
DA:60,8
DA:62,8
DA:64,8
DA:65,8
DA:66,3
DA:67,3
DA:68,3
DA:70,3
DA:71,3
DA:72,3
DA:73,3
DA:74,3
DA:75,3
DA:76,3
DA:77,3
DA:79,3
DA:80,3
DA:81,3
DA:83,3
DA:84,3
DA:85,3
DA:86,3
DA:88,3
DA:89,3
DA:90,3
DA:91,3
DA:92,3
DA:93,3
DA:94,3
DA:95,3
DA:96,3
DA:97,3
DA:98,3
DA:99,3
DA:101,8
DA:102,8
DA:103,8
DA:105,8
LF:82
LH:82
BRDA:6,0,0,3
BRDA:7,1,0,0
BRDA:8,2,0,1
BRDA:8,3,0,2
BRDA:9,4,0,1
BRDA:13,5,0,8
BRDA:57,6,0,6
BRDA:20,7,0,4
BRDA:23,8,0,4
BRDA:25,9,0,3
BRDA:26,10,0,3
BRDA:26,11,0,0
BRDA:27,12,0,3
BRDA:28,13,0,1
BRDA:29,14,0,0
BRDA:33,15,0,4
BRDA:38,16,0,5
BRDA:39,17,0,4
BRDA:39,18,0,1
BRDA:47,19,0,2
BRDA:48,20,0,1
BRDA:65,21,0,3
BRDA:66,22,0,0
BRDA:68,23,0,0
BRDA:91,24,0,0
BRDA:95,25,0,1
BRDA:76,26,0,2
BRF:27
BRH:21
end_of_record
TN:
SF:src\pages\Clients.jsx
FN:6,Clients
FN:45,deleteClient
FN:87,onClick
FNF:3
FNH:3
FNDA:6,Clients
FNDA:1,deleteClient
FNDA:1,onClick
DA:1,1
DA:6,6
DA:7,6
DA:8,6
DA:10,6
DA:11,6
DA:13,6
DA:14,3
DA:16,3
DA:17,1
DA:18,1
DA:19,1
DA:21,2
DA:22,2
DA:23,2
DA:24,2
DA:25,2
DA:26,2
DA:27,0
DA:28,0
DA:29,2
DA:31,2
DA:32,2
DA:33,2
DA:34,6
DA:36,6
DA:37,3
DA:38,0
DA:39,0
DA:40,0
DA:41,0
DA:43,6
DA:45,6
DA:46,1
DA:47,1
DA:49,1
DA:50,1
DA:51,1
DA:52,1
DA:53,0
DA:54,0
DA:55,1
DA:57,6
DA:58,6
DA:59,6
DA:60,6
DA:61,6
DA:63,6
DA:65,6
DA:66,6
DA:67,2
DA:68,2
DA:70,2
DA:72,2
DA:73,2
DA:74,2
DA:75,2
DA:76,2
DA:77,2
DA:79,2
DA:80,2
DA:81,2
DA:82,2
DA:83,2
DA:84,2
DA:86,2
DA:87,2
DA:88,2
DA:89,2
DA:91,6
DA:92,6
DA:93,6
DA:95,6
LF:73
LH:65
BRDA:6,0,0,6
BRDA:13,1,0,3
BRDA:16,2,0,1
BRDA:19,3,0,2
BRDA:21,4,0,2
BRDA:24,5,0,0
BRDA:26,6,0,0
BRDA:31,7,0,2
BRDA:36,8,0,3
BRDA:37,9,0,0
BRDA:45,10,0,1
BRDA:47,11,0,0
BRDA:52,12,0,0
BRDA:51,13,0,1
BRDA:51,14,0,1
BRDA:66,15,0,2
BRDA:67,16,0,0
BRDA:70,17,0,0
BRDA:70,18,0,0
BRDA:70,19,0,1
BRDA:80,20,0,0
BRDA:81,21,0,0
BRDA:82,22,0,0
BRDA:87,23,0,1
BRF:24
BRH:13
end_of_record
TN:
SF:src\pages\EmployeeForm.jsx
FN:1,(empty-report)
FNF:1
FNH:0
FNDA:0,(empty-report)
DA:1,0
DA:6,0
DA:7,0
DA:8,0
DA:9,0
DA:11,0
DA:12,0
DA:13,0
DA:14,0
DA:16,0
DA:17,0
DA:19,0
DA:20,0
DA:21,0
DA:23,0
DA:24,0
DA:26,0
DA:27,0
DA:28,0
DA:29,0
DA:31,0
DA:32,0
DA:33,0
DA:34,0
DA:35,0
DA:36,0
DA:37,0
DA:38,0
DA:40,0
DA:42,0
DA:43,0
DA:44,0
DA:45,0
DA:46,0
DA:47,0
DA:48,0
DA:50,0
DA:51,0
DA:52,0
DA:53,0
DA:55,0
DA:56,0
DA:57,0
DA:59,0
DA:60,0
DA:61,0
DA:62,0
DA:63,0
DA:64,0
DA:66,0
DA:68,0
DA:69,0
DA:70,0
DA:72,0
DA:74,0
DA:75,0
DA:76,0
DA:77,0
DA:78,0
DA:79,0
DA:80,0
DA:81,0
DA:82,0
DA:83,0
DA:84,0
DA:86,0
DA:87,0
DA:88,0
DA:90,0
DA:91,0
DA:92,0
DA:93,0
DA:94,0
DA:95,0
DA:96,0
DA:98,0
DA:100,0
DA:101,0
DA:102,0
DA:103,0
DA:104,0
DA:106,0
DA:107,0
DA:109,0
DA:110,0
DA:111,0
DA:113,0
DA:114,0
DA:115,0
DA:116,0
DA:118,0
DA:119,0
DA:120,0
DA:121,0
DA:123,0
DA:124,0
DA:125,0
DA:126,0
DA:128,0
DA:129,0
DA:130,0
DA:131,0
DA:133,0
DA:134,0
DA:135,0
DA:136,0
DA:138,0
DA:139,0
DA:140,0
DA:141,0
DA:142,0
DA:143,0
DA:144,0
DA:145,0
DA:147,0
DA:148,0
DA:149,0
DA:150,0
DA:151,0
DA:152,0
DA:153,0
DA:155,0
DA:156,0
DA:157,0
DA:159,0
DA:160,0
DA:161,0
DA:162,0
DA:163,0
DA:165,0
DA:166,0
DA:167,0
DA:168,0
DA:170,0
DA:171,0
DA:172,0
DA:173,0
DA:176,0
DA:177,0
DA:178,0
DA:179,0
DA:180,0
DA:182,0
LF:143
LH:0
BRDA:1,0,0,0
BRF:1
BRH:0
end_of_record
TN:
SF:src\pages\Employees.jsx
FN:1,(empty-report)
FNF:1
FNH:0
FNDA:0,(empty-report)
DA:1,0
DA:6,0
DA:7,0
DA:8,0
DA:10,0
DA:11,0
DA:13,0
DA:14,0
DA:16,0
DA:17,0
DA:18,0
DA:19,0
DA:21,0
DA:22,0
DA:23,0
DA:24,0
DA:25,0
DA:26,0
DA:27,0
DA:28,0
DA:29,0
DA:31,0
DA:32,0
DA:33,0
DA:34,0
DA:36,0
DA:37,0
DA:38,0
DA:39,0
DA:40,0
DA:41,0
DA:43,0
DA:45,0
DA:46,0
DA:47,0
DA:49,0
DA:50,0
DA:51,0
DA:52,0
DA:53,0
DA:54,0
DA:56,0
DA:58,0
DA:59,0
DA:60,0
DA:61,0
DA:63,0
DA:64,0
DA:65,0
DA:66,0
DA:67,0
DA:69,0
DA:70,0
DA:71,0
DA:72,0
DA:73,0
DA:74,0
DA:75,0
DA:76,0
DA:78,0
DA:79,0
DA:80,0
DA:81,0
DA:83,0
DA:84,0
DA:85,0
DA:86,0
DA:87,0
DA:88,0
DA:90,0
DA:91,0
DA:92,0
DA:93,0
DA:95,0
DA:96,0
DA:97,0
DA:98,0
DA:99,0
DA:100,0
DA:102,0
DA:103,0
DA:104,0
DA:106,0
LF:83
LH:0
BRDA:1,0,0,0
BRF:1
BRH:0
end_of_record
TN:
SF:src\pages\Login.jsx
FN:5,formToObject
FN:10,Login
FN:30,onSubmit
FNF:3
FNH:3
FNDA:2,formToObject
FNDA:5,Login
FNDA:2,onSubmit
DA:1,1
DA:5,2
DA:6,2
DA:7,2
DA:8,2
DA:10,5
DA:11,5
DA:12,5
DA:13,5
DA:15,5
DA:16,4
DA:17,1
DA:18,1
DA:19,1
DA:20,1
DA:22,5
DA:24,5
DA:25,3
DA:26,1
DA:27,1
DA:28,5
DA:30,5
DA:31,2
DA:32,2
DA:34,2
DA:35,2
DA:36,1
DA:37,1
DA:38,1
DA:39,1
DA:40,1
DA:41,2
DA:43,5
DA:44,5
DA:45,5
DA:46,5
DA:47,5
DA:48,5
DA:50,5
DA:52,5
DA:53,5
DA:54,5
DA:56,5
DA:57,5
DA:58,5
DA:60,5
DA:61,5
DA:62,5
DA:63,5
DA:65,5
DA:66,5
DA:67,5
DA:68,5
DA:70,5
DA:71,5
DA:72,5
DA:73,5
DA:74,5
DA:75,5
DA:77,5
LF:60
LH:60
BRDA:5,0,0,2
BRDA:10,1,0,5
BRDA:15,2,0,4
BRDA:16,3,0,3
BRDA:16,4,0,1
BRDA:24,5,0,3
BRDA:25,6,0,1
BRDA:30,7,0,2
BRDA:35,8,0,1
BRDA:39,9,0,0
BRF:10
BRH:9
end_of_record
TN:
SF:src\pages\OutletForm.jsx
FN:6,formToObject
FN:11,OutletForm
FN:59,onSubmit
FN:77,onDelete
FNF:4
FNH:4
FNDA:2,formToObject
FNDA:7,OutletForm
FNDA:2,onSubmit
FNDA:1,onDelete
DA:1,1
DA:6,2
DA:7,2
DA:8,2
DA:9,2
DA:11,7
DA:12,7
DA:13,7
DA:14,7
DA:16,7
DA:17,7
DA:19,7
DA:20,7
DA:22,7
DA:23,4
DA:25,4
DA:26,1
DA:27,1
DA:28,1
DA:30,3
DA:32,2
DA:33,2
DA:34,2
DA:35,2
DA:36,2
DA:37,0
DA:38,0
DA:39,2
DA:41,2
DA:42,2
DA:43,2
DA:44,7
DA:46,7
DA:47,4
DA:48,7
DA:50,7
DA:51,4
DA:52,0
DA:53,0
DA:54,0
DA:55,0
DA:57,7
DA:59,7
DA:60,2
DA:61,2
DA:63,2
DA:65,2
DA:66,2
DA:67,1
DA:68,1
DA:69,1
DA:70,1
DA:71,2
DA:72,2
DA:73,0
DA:74,0
DA:75,2
DA:77,7
DA:78,1
DA:79,1
DA:81,1
DA:82,1
DA:83,1
DA:84,1
DA:85,0
DA:86,0
DA:87,1
DA:89,7
DA:91,5
DA:92,5
DA:93,5
DA:94,5
DA:95,5
DA:97,5
DA:98,5
DA:100,5
DA:101,5
DA:102,5
DA:104,5
DA:105,5
DA:106,7
DA:107,7
DA:109,7
DA:110,7
DA:111,7
DA:112,7
DA:113,7
DA:115,7
DA:116,7
DA:117,7
DA:118,7
DA:120,7
DA:121,3
DA:122,3
DA:123,3
DA:126,7
DA:127,7
DA:128,7
DA:129,7
DA:130,7
DA:132,7
LF:101
LH:91
BRDA:6,0,0,2
BRDA:11,1,0,7
BRDA:89,2,0,5
BRDA:89,3,0,2
BRDA:89,4,0,2
BRDA:89,5,0,5
BRDA:106,6,0,3
BRDA:106,7,0,2
BRDA:111,8,0,3
BRDA:111,9,0,2
BRDA:120,10,0,3
BRDA:22,11,0,4
BRDA:25,12,0,1
BRDA:28,13,0,3
BRDA:30,14,0,1
BRDA:30,15,0,2
BRDA:32,16,0,2
BRDA:36,17,0,0
BRDA:41,18,0,2
BRDA:46,19,0,4
BRDA:47,20,0,2
BRDA:47,21,0,2
BRDA:50,22,0,4
BRDA:51,23,0,0
BRDA:59,24,0,2
BRDA:66,25,0,1
BRDA:72,26,0,0
BRDA:77,27,0,1
BRDA:79,28,0,0
BRDA:84,29,0,0
BRF:30
BRH:25
end_of_record
TN:
SF:src\pages\Outlets.jsx
FN:6,Outlets
FN:40,openEdit
FN:68,onClick
FN:69,onKeyDown
FNF:4
FNH:3
FNDA:8,Outlets
FNDA:2,openEdit
FNDA:2,onClick
FNDA:0,onKeyDown
DA:1,1
DA:6,8
DA:7,8
DA:8,8
DA:10,8
DA:11,8
DA:13,8
DA:14,4
DA:16,4
DA:17,4
DA:18,4
DA:19,4
DA:20,4
DA:21,4
DA:22,1
DA:23,1
DA:24,4
DA:26,4
DA:27,4
DA:28,4
DA:29,8
DA:31,8
DA:32,5
DA:33,1
DA:34,1
DA:35,1
DA:36,1
DA:38,8
DA:40,8
DA:41,2
DA:42,1
DA:43,2
DA:45,8
DA:46,8
DA:47,8
DA:48,8
DA:50,8
DA:51,6
DA:53,8
DA:55,8
DA:57,8
DA:58,8
DA:59,3
DA:60,3
DA:62,3
DA:63,3
DA:64,3
DA:65,3
DA:66,3
DA:67,3
DA:68,3
DA:69,3
DA:71,3
DA:72,3
DA:73,3
DA:75,3
DA:76,3
DA:77,3
DA:78,3
DA:79,3
DA:80,3
DA:81,3
DA:83,8
DA:84,8
DA:85,8
DA:87,8
LF:66
LH:66
BRDA:6,0,0,8
BRDA:50,1,0,6
BRDA:13,2,0,4
BRDA:16,3,0,4
BRDA:18,4,0,3
BRDA:19,5,0,3
BRDA:19,6,0,0
BRDA:20,7,0,3
BRDA:21,8,0,1
BRDA:22,9,0,0
BRDA:26,10,0,4
BRDA:31,11,0,5
BRDA:32,12,0,4
BRDA:32,13,0,1
BRDA:40,14,0,2
BRDA:41,15,0,1
BRDA:58,16,0,3
BRDA:59,17,0,0
BRDA:72,18,0,0
BRDA:77,19,0,0
BRDA:79,20,0,0
BRDA:68,21,0,2
BRF:22
BRH:16
end_of_record
TN:
SF:src\pages\Profile.jsx
FN:6,Profile
FN:39,setField
FN:43,onSubmit
FN:54,onLogout
FN:89,onChange
FN:101,onChange
FN:112,onChange
FN:124,onChange
FNF:8
FNH:5
FNDA:16,Profile
FNDA:9,setField
FNDA:1,onSubmit
FNDA:1,onLogout
FNDA:9,onChange
FNDA:0,onChange
FNDA:0,onChange
FNDA:0,onChange
DA:1,1
DA:6,16
DA:7,16
DA:8,16
DA:10,16
DA:11,16
DA:12,16
DA:13,16
DA:14,16
DA:15,16
DA:16,16
DA:17,16
DA:19,16
DA:20,3
DA:21,3
DA:22,3
DA:23,3
DA:24,3
DA:25,3
DA:26,3
DA:27,3
DA:28,3
DA:29,3
DA:30,3
DA:31,3
DA:32,3
DA:33,3
DA:34,0
DA:35,0
DA:36,3
DA:37,16
DA:39,16
DA:40,9
DA:41,9
DA:43,16
DA:44,1
DA:45,1
DA:46,1
DA:47,1
DA:48,1
DA:49,1
DA:50,0
DA:51,0
DA:52,1
DA:54,16
DA:55,1
DA:56,1
DA:57,1
DA:59,1
DA:60,1
DA:61,1
DA:62,1
DA:64,16
DA:65,16
DA:66,16
DA:67,16
DA:68,16
DA:69,16
DA:71,16
DA:72,0
DA:73,0
DA:74,0
DA:75,16
DA:77,16
DA:78,16
DA:79,16
DA:81,16
DA:82,16
DA:83,16
DA:84,16
DA:85,16
DA:86,16
DA:87,16
DA:88,16
DA:89,16
DA:90,16
DA:91,16
DA:93,16
DA:94,16
DA:95,16
DA:96,16
DA:97,16
DA:98,16
DA:99,16
DA:100,16
DA:101,16
DA:102,16
DA:103,16
DA:105,16
DA:106,16
DA:107,16
DA:108,16
DA:109,16
DA:110,16
DA:111,16
DA:112,16
DA:113,16
DA:114,16
DA:116,16
DA:117,16
DA:118,16
DA:119,16
DA:120,16
DA:121,16
DA:122,16
DA:123,16
DA:124,16
DA:125,16
DA:126,16
DA:127,16
DA:129,16
DA:130,16
DA:131,16
DA:132,16
DA:134,16
DA:135,16
DA:136,16
DA:137,16
DA:139,16
DA:140,16
DA:142,16
DA:143,16
DA:144,16
DA:145,16
DA:147,16
LF:125
LH:118
BRDA:6,0,0,16
BRDA:71,1,0,0
BRDA:19,2,0,3
BRDA:20,3,0,3
BRDA:24,4,0,0
BRDA:25,5,0,0
BRDA:26,6,0,0
BRDA:27,7,0,0
BRDA:30,8,0,1
BRDA:31,9,0,0
BRDA:33,10,0,0
BRDA:39,11,0,9
BRDA:40,12,0,9
BRDA:43,13,0,1
BRDA:49,14,0,0
BRDA:54,15,0,1
BRDA:56,16,0,0
BRDA:89,17,0,9
BRF:18
BRH:9
end_of_record
TN:
SF:src\pages\Register.jsx
FN:6,Register
FN:20,setField
FN:24,onSubmit
FN:62,onChange
FN:74,onChange
FN:86,onChange
FN:98,onChange
FN:109,onChange
FN:121,onChange
FNF:9
FNH:9
FNDA:87,Register
FNDA:82,setField
FNDA:2,onSubmit
FNDA:14,onChange
FNDA:16,onChange
FNDA:16,onChange
FNDA:8,onChange
FNDA:8,onChange
FNDA:20,onChange
DA:1,1
DA:6,87
DA:7,87
DA:8,87
DA:10,87
DA:11,87
DA:12,87
DA:13,87
DA:14,87
DA:15,87
DA:16,87
DA:17,87
DA:18,87
DA:20,87
DA:21,82
DA:22,82
DA:24,87
DA:25,2
DA:26,2
DA:28,2
DA:29,2
DA:30,1
DA:31,1
DA:32,1
DA:33,1
DA:34,1
DA:35,2
DA:37,87
DA:38,87
DA:39,87
DA:40,87
DA:41,87
DA:42,87
DA:44,87
DA:45,1
DA:46,1
DA:47,1
DA:48,86
DA:50,87
DA:51,87
DA:52,87
DA:54,87
DA:55,87
DA:56,87
DA:57,87
DA:58,87
DA:59,87
DA:60,87
DA:61,87
DA:62,87
DA:63,87
DA:64,87
DA:66,87
DA:67,87
DA:68,87
DA:69,87
DA:70,87
DA:71,87
DA:72,87
DA:73,87
DA:74,87
DA:75,87
DA:76,87
DA:78,87
DA:79,87
DA:80,87
DA:81,87
DA:82,87
DA:83,87
DA:84,87
DA:85,87
DA:86,87
DA:87,87
DA:88,87
DA:90,87
DA:91,87
DA:92,87
DA:93,87
DA:94,87
DA:95,87
DA:96,87
DA:97,87
DA:98,87
DA:99,87
DA:100,87
DA:102,87
DA:103,87
DA:104,87
DA:105,87
DA:106,87
DA:107,87
DA:108,87
DA:109,87
DA:110,87
DA:111,87
DA:113,87
DA:114,87
DA:115,87
DA:116,87
DA:117,87
DA:118,87
DA:119,87
DA:120,87
DA:121,87
DA:122,87
DA:123,87
DA:124,87
DA:126,87
DA:127,87
DA:128,87
DA:129,87
DA:131,87
DA:132,87
DA:133,87
DA:134,87
DA:135,87
DA:136,87
DA:138,87
LF:118
LH:118
BRDA:6,0,0,87
BRDA:44,1,0,1
BRDA:47,2,0,86
BRDA:20,3,0,82
BRDA:21,4,0,82
BRDA:24,5,0,2
BRDA:29,6,0,1
BRDA:33,7,0,0
BRDA:62,8,0,14
BRDA:74,9,0,16
BRDA:86,10,0,16
BRDA:98,11,0,8
BRDA:109,12,0,8
BRDA:121,13,0,20
BRF:14
BRH:13
end_of_record
TN:
SF:src\pages\SpiceForm.jsx
FN:5,SpiceForm
FN:41,setField
FN:45,onSubmit
FN:61,onDelete
FN:100,onChange
FN:111,onChange
FN:122,onChange
FN:135,onChange
FN:147,onChange
FNF:9
FNH:9
FNDA:53,SpiceForm
FNDA:44,setField
FNDA:2,onSubmit
FNDA:2,onDelete
FNDA:17,onChange
FNDA:6,onChange
FNDA:8,onChange
FNDA:3,onChange
FNDA:10,onChange
DA:1,1
DA:5,53
DA:6,53
DA:7,53
DA:8,53
DA:10,53
DA:11,53
DA:12,53
DA:13,53
DA:14,53
DA:15,53
DA:16,53
DA:17,53
DA:19,53
DA:21,53
DA:22,4
DA:24,3
DA:25,3
DA:26,3
DA:27,3
DA:28,3
DA:29,3
DA:30,3
DA:31,3
DA:32,3
DA:33,3
DA:34,3
DA:35,3
DA:36,0
DA:37,0
DA:38,3
DA:39,53
DA:41,53
DA:42,44
DA:43,44
DA:45,53
DA:46,2
DA:47,2
DA:49,2
DA:50,2
DA:51,1
DA:52,1
DA:53,1
DA:54,1
DA:55,2
DA:56,2
DA:57,0
DA:58,0
DA:59,2
DA:61,53
DA:62,2
DA:63,1
DA:64,1
DA:65,1
DA:66,2
DA:67,0
DA:68,0
DA:69,2
DA:71,53
DA:72,53
DA:73,53
DA:74,53
DA:75,53
DA:77,53
DA:78,53
DA:79,53
DA:81,53
DA:82,53
DA:83,0
DA:84,0
DA:85,0
DA:86,53
DA:88,53
DA:89,53
DA:90,53
DA:92,53
DA:93,53
DA:94,53
DA:95,53
DA:96,53
DA:97,53
DA:98,53
DA:99,53
DA:100,53
DA:101,53
DA:102,53
DA:104,53
DA:105,53
DA:106,53
DA:107,53
DA:108,53
DA:109,53
DA:110,53
DA:111,53
DA:112,53
DA:113,53
DA:115,53
DA:116,53
DA:117,53
DA:118,53
DA:119,53
DA:120,53
DA:121,53
DA:122,53
DA:123,53
DA:124,53
DA:126,53
DA:127,53
DA:128,53
DA:129,53
DA:130,53
DA:131,53
DA:132,53
DA:133,53
DA:134,53
DA:135,53
DA:136,53
DA:137,53
DA:139,53
DA:140,53
DA:141,53
DA:142,53
DA:143,53
DA:144,53
DA:145,53
DA:146,53
DA:147,53
DA:148,53
DA:149,53
DA:150,53
DA:152,53
DA:153,53
DA:154,53
DA:155,53
DA:157,53
DA:158,17
DA:159,17
DA:160,17
DA:161,36
DA:163,53
DA:164,53
DA:165,53
DA:166,53
DA:167,53
DA:169,53
LF:145
LH:136
BRDA:5,0,0,53
BRDA:74,1,0,17
BRDA:74,2,0,36
BRDA:82,3,0,0
BRDA:157,4,0,17
BRDA:160,5,0,36
BRDA:21,6,0,4
BRDA:22,7,0,1
BRDA:22,8,0,3
BRDA:24,9,0,3
BRDA:29,10,0,0
BRDA:30,11,0,0
BRDA:31,12,0,0
BRDA:32,13,0,0
BRDA:33,14,0,0
BRDA:35,15,0,0
BRDA:41,16,0,44
BRDA:42,17,0,44
BRDA:45,18,0,2
BRDA:50,19,0,1
BRDA:56,20,0,0
BRDA:61,21,0,2
BRDA:62,22,0,1
BRDA:66,23,0,0
BRDA:100,24,0,17
BRDA:111,25,0,6
BRDA:122,26,0,8
BRDA:135,27,0,3
BRDA:147,28,0,10
BRF:29
BRH:20
end_of_record
TN:
SF:src\pages\Spices.jsx
FN:6,buildFullName
FN:10,Spices
FN:18,load
FN:35,onToggleFav
FN:86,onClick
FN:89,onKeyDown
FN:121,onClick
FNF:7
FNH:6
FNDA:5,buildFullName
FNDA:9,Spices
FNDA:4,load
FNDA:2,onToggleFav
FNDA:1,onClick
FNDA:0,onKeyDown
FNDA:2,onClick
DA:1,1
DA:6,5
DA:7,5
DA:8,5
DA:10,9
DA:11,9
DA:12,9
DA:14,9
DA:15,9
DA:16,9
DA:18,9
DA:19,4
DA:20,4
DA:21,4
DA:22,4
DA:23,4
DA:24,4
DA:25,4
DA:26,4
DA:27,0
DA:28,0
DA:29,4
DA:31,9
DA:32,4
DA:33,9
DA:35,9
DA:36,2
DA:37,2
DA:38,1
DA:39,1
DA:40,1
DA:42,1
DA:43,1
DA:44,1
DA:45,1
DA:46,1
DA:47,1
DA:48,1
DA:49,1
DA:50,2
DA:51,0
DA:52,0
DA:53,2
DA:55,9
DA:56,9
DA:57,9
DA:58,9
DA:59,9
DA:60,2
DA:61,7
DA:62,9
DA:64,9
DA:65,0
DA:66,0
DA:67,0
DA:68,9
DA:70,9
DA:71,9
DA:72,5
DA:73,5
DA:75,5
DA:76,5
DA:77,5
DA:78,5
DA:80,5
DA:81,5
DA:82,5
DA:83,5
DA:84,5
DA:85,5
DA:86,5
DA:87,1
DA:88,1
DA:89,5
DA:90,0
DA:91,0
DA:93,5
DA:94,5
DA:95,5
DA:96,5
DA:97,5
DA:98,5
DA:99,5
DA:101,5
DA:102,5
DA:103,5
DA:104,5
DA:106,5
DA:107,5
DA:109,5
DA:110,5
DA:111,5
DA:112,5
DA:113,5
DA:114,5
DA:116,5
DA:117,4
DA:118,4
DA:119,4
DA:120,4
DA:121,4
DA:122,2
DA:123,2
DA:124,2
DA:125,2
DA:126,4
DA:128,4
DA:129,1
DA:130,5
DA:132,9
DA:133,9
DA:134,9
DA:136,9
LF:113
LH:104
BRDA:6,0,0,5
BRDA:7,1,0,0
BRDA:10,2,0,9
BRDA:59,3,0,2
BRDA:60,4,0,7
BRDA:64,5,0,0
BRDA:18,6,0,4
BRDA:22,7,0,0
BRDA:23,8,0,0
BRDA:26,9,0,0
BRDA:31,10,0,4
BRDA:35,11,0,2
BRDA:36,12,0,0
BRDA:37,13,0,1
BRDA:50,14,0,0
BRDA:44,15,0,1
BRDA:46,16,0,0
BRDA:71,17,0,5
BRDA:72,18,0,0
BRDA:76,19,0,0
BRDA:77,20,0,0
BRDA:78,21,0,0
BRDA:116,22,0,4
BRDA:119,23,0,1
BRDA:119,24,0,3
BRDA:128,25,0,1
BRDA:86,26,0,1
BRDA:121,27,0,2
BRF:28
BRH:16
end_of_record
TN:
SF:src\pages\SupplierForm.jsx
FN:1,(empty-report)
FNF:1
FNH:0
FNDA:0,(empty-report)
DA:1,0
DA:6,0
DA:7,0
DA:8,0
DA:9,0
DA:11,0
DA:12,0
DA:13,0
DA:14,0
DA:16,0
DA:17,0
DA:19,0
DA:20,0
DA:22,0
DA:23,0
DA:24,0
DA:25,0
DA:26,0
DA:28,0
DA:29,0
DA:31,0
DA:33,0
DA:34,0
DA:35,0
DA:36,0
DA:37,0
DA:38,0
DA:39,0
DA:40,0
DA:41,0
DA:42,0
DA:44,0
DA:45,0
DA:46,0
DA:47,0
DA:49,0
DA:50,0
DA:51,0
DA:53,0
DA:54,0
DA:55,0
DA:57,0
DA:58,0
DA:59,0
DA:60,0
DA:61,0
DA:62,0
DA:64,0
DA:66,0
DA:67,0
DA:68,0
DA:70,0
DA:72,0
DA:73,0
DA:74,0
DA:75,0
DA:76,0
DA:77,0
DA:78,0
DA:79,0
DA:80,0
DA:81,0
DA:82,0
DA:84,0
DA:85,0
DA:86,0
DA:88,0
DA:89,0
DA:90,0
DA:91,0
DA:92,0
DA:93,0
DA:94,0
DA:96,0
DA:98,0
DA:99,0
DA:100,0
DA:101,0
DA:102,0
DA:104,0
DA:105,0
DA:107,0
DA:108,0
DA:109,0
DA:111,0
DA:112,0
DA:113,0
DA:114,0
DA:115,0
DA:116,0
DA:117,0
DA:118,0
DA:119,0
DA:120,0
DA:122,0
DA:123,0
DA:124,0
DA:125,0
DA:126,0
DA:127,0
DA:128,0
DA:129,0
DA:130,0
DA:132,0
DA:133,0
DA:134,0
DA:135,0
DA:136,0
DA:137,0
DA:138,0
DA:139,0
DA:140,0
DA:141,0
DA:143,0
DA:144,0
DA:145,0
DA:147,0
DA:148,0
DA:150,0
DA:151,0
DA:152,0
DA:153,0
DA:154,0
DA:155,0
DA:156,0
DA:158,0
DA:161,0
DA:162,0
DA:164,0
DA:165,0
DA:166,0
DA:168,0
DA:169,0
DA:170,0
DA:172,0
DA:173,0
DA:176,0
DA:177,0
DA:179,0
DA:180,0
DA:181,0
DA:182,0
DA:184,0
LF:143
LH:0
BRDA:1,0,0,0
BRF:1
BRH:0
end_of_record
TN:
SF:src\pages\SupplierSpices.jsx
FN:1,(empty-report)
FNF:1
FNH:0
FNDA:0,(empty-report)
DA:1,0
DA:6,0
DA:7,0
DA:8,0
DA:9,0
DA:11,0
DA:13,0
DA:14,0
DA:16,0
DA:17,0
DA:18,0
DA:19,0
DA:20,0
DA:22,0
DA:23,0
DA:25,0
DA:26,0
DA:27,0
DA:28,0
DA:29,0
DA:30,0
DA:31,0
DA:32,0
DA:33,0
DA:34,0
DA:36,0
DA:37,0
DA:38,0
DA:39,0
DA:41,0
DA:42,0
DA:43,0
DA:44,0
DA:45,0
DA:46,0
DA:48,0
DA:50,0
DA:51,0
DA:53,0
DA:55,0
DA:56,0
DA:57,0
DA:58,0
DA:59,0
DA:61,0
DA:63,0
DA:64,0
DA:65,0
DA:66,0
DA:67,0
DA:68,0
DA:69,0
DA:71,0
DA:72,0
DA:74,0
DA:75,0
DA:76,0
DA:77,0
DA:78,0
DA:79,0
DA:80,0
DA:82,0
DA:83,0
DA:84,0
DA:87,0
DA:88,0
DA:90,0
DA:91,0
DA:92,0
DA:94,0
LF:70
LH:0
BRDA:1,0,0,0
BRF:1
BRH:0
end_of_record
TN:
SF:src\pages\Suppliers.jsx
FN:1,(empty-report)
FNF:1
FNH:0
FNDA:0,(empty-report)
DA:1,0
DA:6,0
DA:7,0
DA:8,0
DA:10,0
DA:11,0
DA:13,0
DA:14,0
DA:16,0
DA:17,0
DA:18,0
DA:19,0
DA:21,0
DA:22,0
DA:23,0
DA:24,0
DA:25,0
DA:26,0
DA:27,0
DA:28,0
DA:29,0
DA:31,0
DA:32,0
DA:33,0
DA:34,0
DA:36,0
DA:37,0
DA:38,0
DA:39,0
DA:40,0
DA:41,0
DA:43,0
DA:45,0
DA:46,0
DA:47,0
DA:49,0
DA:50,0
DA:51,0
DA:53,0
DA:54,0
DA:55,0
DA:56,0
DA:57,0
DA:58,0
DA:60,0
DA:62,0
DA:63,0
DA:64,0
DA:65,0
DA:67,0
DA:68,0
DA:69,0
DA:70,0
DA:71,0
DA:72,0
DA:73,0
DA:74,0
DA:76,0
DA:77,0
DA:78,0
DA:79,0
DA:81,0
DA:82,0
DA:83,0
DA:84,0
DA:85,0
DA:86,0
DA:87,0
DA:88,0
DA:89,0
DA:91,0
DA:92,0
DA:93,0
DA:94,0
DA:95,0
DA:96,0
DA:97,0
DA:98,0
DA:99,0
DA:100,0
DA:102,0
DA:103,0
DA:104,0
DA:105,0
DA:106,0
DA:108,0
DA:109,0
DA:110,0
DA:112,0
LF:89
LH:0
BRDA:1,0,0,0
BRF:1
BRH:0
end_of_record
